nohup: ignoring input
staring clocking
cuda:0
Finish leadeing data
Start Training!
[1,   100] loss: 5.394
[1,   200] loss: 4.889
[1,   300] loss: 4.290
[1,   400] loss: 3.951
[1,   500] loss: 3.613
[1,   600] loss: 3.353
[2,   100] loss: 2.855
[2,   200] loss: 2.669
[2,   300] loss: 2.592
[2,   400] loss: 2.445
[2,   500] loss: 2.426
[2,   600] loss: 2.333
[3,   100] loss: 1.944
[3,   200] loss: 1.905
[3,   300] loss: 1.929
[3,   400] loss: 1.812
[3,   500] loss: 1.894
[3,   600] loss: 1.774
[4,   100] loss: 1.515
[4,   200] loss: 1.457
[4,   300] loss: 1.552
[4,   400] loss: 1.486
[4,   500] loss: 1.420
[4,   600] loss: 1.518
[5,   100] loss: 1.282
[5,   200] loss: 1.199
[5,   300] loss: 1.223
[5,   400] loss: 1.145
[5,   500] loss: 1.175
[5,   600] loss: 1.261
[6,   100] loss: 0.977
[6,   200] loss: 1.053
[6,   300] loss: 1.005
[6,   400] loss: 1.017
[6,   500] loss: 1.045
[6,   600] loss: 1.015
[7,   100] loss: 0.800
[7,   200] loss: 0.857
[7,   300] loss: 0.844
[7,   400] loss: 0.864
[7,   500] loss: 0.819
[7,   600] loss: 0.854
[8,   100] loss: 0.672
[8,   200] loss: 0.765
[8,   300] loss: 0.711
[8,   400] loss: 0.804
[8,   500] loss: 0.722
[8,   600] loss: 0.767
[9,   100] loss: 0.557
[9,   200] loss: 0.593
[9,   300] loss: 0.634
[9,   400] loss: 0.605
[9,   500] loss: 0.684
[9,   600] loss: 0.588
[10,   100] loss: 0.537
[10,   200] loss: 0.548
[10,   300] loss: 0.502
[10,   400] loss: 0.569
[10,   500] loss: 0.547
[10,   600] loss: 0.598
[11,   100] loss: 0.512
[11,   200] loss: 0.471
[11,   300] loss: 0.519
[11,   400] loss: 0.441
[11,   500] loss: 0.462
[11,   600] loss: 0.492
[12,   100] loss: 0.384
[12,   200] loss: 0.417
[12,   300] loss: 0.433
[12,   400] loss: 0.432
[12,   500] loss: 0.478
[12,   600] loss: 0.475
[13,   100] loss: 0.364
[13,   200] loss: 0.374
[13,   300] loss: 0.394
[13,   400] loss: 0.375
[13,   500] loss: 0.406
[13,   600] loss: 0.402
[14,   100] loss: 0.366
[14,   200] loss: 0.330
[14,   300] loss: 0.353
[14,   400] loss: 0.359
[14,   500] loss: 0.345
[14,   600] loss: 0.358
[15,   100] loss: 0.288
[15,   200] loss: 0.336
[15,   300] loss: 0.342
[15,   400] loss: 0.309
[15,   500] loss: 0.312
[15,   600] loss: 0.316
[16,   100] loss: 0.284
[16,   200] loss: 0.259
[16,   300] loss: 0.271
[16,   400] loss: 0.300
[16,   500] loss: 0.345
[16,   600] loss: 0.315
[17,   100] loss: 0.254
[17,   200] loss: 0.227
[17,   300] loss: 0.215
[17,   400] loss: 0.241
[17,   500] loss: 0.288
[17,   600] loss: 0.290
[18,   100] loss: 0.204
[18,   200] loss: 0.223
[18,   300] loss: 0.241
[18,   400] loss: 0.266
[18,   500] loss: 0.233
[18,   600] loss: 0.232
[19,   100] loss: 0.159
[19,   200] loss: 0.199
[19,   300] loss: 0.227
[19,   400] loss: 0.267
[19,   500] loss: 0.234
[19,   600] loss: 0.270
[20,   100] loss: 0.165
[20,   200] loss: 0.190
[20,   300] loss: 0.178
[20,   400] loss: 0.194
[20,   500] loss: 0.194
[20,   600] loss: 0.207
[21,   100] loss: 0.190
[21,   200] loss: 0.177
[21,   300] loss: 0.192
[21,   400] loss: 0.190
[21,   500] loss: 0.186
[21,   600] loss: 0.195
[22,   100] loss: 0.164
[22,   200] loss: 0.158
[22,   300] loss: 0.155
[22,   400] loss: 0.161
[22,   500] loss: 0.153
[22,   600] loss: 0.159
[23,   100] loss: 0.143
[23,   200] loss: 0.132
[23,   300] loss: 0.125
[23,   400] loss: 0.140
[23,   500] loss: 0.187
[23,   600] loss: 0.167
[24,   100] loss: 0.148
[24,   200] loss: 0.130
[24,   300] loss: 0.138
[24,   400] loss: 0.136
[24,   500] loss: 0.174
[24,   600] loss: 0.137
[25,   100] loss: 0.090
[25,   200] loss: 0.109
[25,   300] loss: 0.109
[25,   400] loss: 0.131
[25,   500] loss: 0.128
[25,   600] loss: 0.140
[26,   100] loss: 0.142
[26,   200] loss: 0.123
[26,   300] loss: 0.124
[26,   400] loss: 0.128
[26,   500] loss: 0.140
[26,   600] loss: 0.160
[27,   100] loss: 0.089
[27,   200] loss: 0.096
[27,   300] loss: 0.137
[27,   400] loss: 0.136
[27,   500] loss: 0.118
[27,   600] loss: 0.109
[28,   100] loss: 0.107
[28,   200] loss: 0.108
[28,   300] loss: 0.105
[28,   400] loss: 0.107
[28,   500] loss: 0.123
[28,   600] loss: 0.138
[29,   100] loss: 0.092
[29,   200] loss: 0.102
[29,   300] loss: 0.142
[29,   400] loss: 0.102
[29,   500] loss: 0.133
[29,   600] loss: 0.118
[30,   100] loss: 0.105
[30,   200] loss: 0.083
[30,   300] loss: 0.105
[30,   400] loss: 0.081
[30,   500] loss: 0.095
[30,   600] loss: 0.093
[31,   100] loss: 0.094
[31,   200] loss: 0.110
[31,   300] loss: 0.095
[31,   400] loss: 0.086
[31,   500] loss: 0.088
[31,   600] loss: 0.086
[32,   100] loss: 0.083
[32,   200] loss: 0.082
[32,   300] loss: 0.082
[32,   400] loss: 0.082
[32,   500] loss: 0.103
[32,   600] loss: 0.089
[33,   100] loss: 0.082
[33,   200] loss: 0.086
[33,   300] loss: 0.099
[33,   400] loss: 0.064
[33,   500] loss: 0.085
[33,   600] loss: 0.087
[34,   100] loss: 0.056
[34,   200] loss: 0.061
[34,   300] loss: 0.076
[34,   400] loss: 0.066
[34,   500] loss: 0.068
[34,   600] loss: 0.086
[35,   100] loss: 0.058
[35,   200] loss: 0.072
[35,   300] loss: 0.099
[35,   400] loss: 0.088
[35,   500] loss: 0.107
[35,   600] loss: 0.091
[36,   100] loss: 0.074
[36,   200] loss: 0.094
[36,   300] loss: 0.077
[36,   400] loss: 0.059
[36,   500] loss: 0.067
[36,   600] loss: 0.067
[37,   100] loss: 0.059
[37,   200] loss: 0.063
[37,   300] loss: 0.051
[37,   400] loss: 0.067
[37,   500] loss: 0.109
[37,   600] loss: 0.077
[38,   100] loss: 0.062
[38,   200] loss: 0.052
[38,   300] loss: 0.078
[38,   400] loss: 0.066
[38,   500] loss: 0.059
[38,   600] loss: 0.062
[39,   100] loss: 0.046
[39,   200] loss: 0.057
[39,   300] loss: 0.056
[39,   400] loss: 0.058
[39,   500] loss: 0.056
[39,   600] loss: 0.065
[40,   100] loss: 0.034
[40,   200] loss: 0.054
[40,   300] loss: 0.047
[40,   400] loss: 0.052
[40,   500] loss: 0.046
[40,   600] loss: 0.057
[41,   100] loss: 0.041
[41,   200] loss: 0.042
[41,   300] loss: 0.054
[41,   400] loss: 0.069
[41,   500] loss: 0.080
[41,   600] loss: 0.068
[42,   100] loss: 0.047
[42,   200] loss: 0.042
[42,   300] loss: 0.064
[42,   400] loss: 0.048
[42,   500] loss: 0.049
[42,   600] loss: 0.056
[43,   100] loss: 0.056
[43,   200] loss: 0.064
[43,   300] loss: 0.054
[43,   400] loss: 0.069
[43,   500] loss: 0.055
[43,   600] loss: 0.055
[44,   100] loss: 0.048
[44,   200] loss: 0.055
[44,   300] loss: 0.048
[44,   400] loss: 0.052
[44,   500] loss: 0.046
[44,   600] loss: 0.047
[45,   100] loss: 0.049
[45,   200] loss: 0.039
[45,   300] loss: 0.043
[45,   400] loss: 0.055
[45,   500] loss: 0.035
[45,   600] loss: 0.036
[46,   100] loss: 0.032
[46,   200] loss: 0.049
[46,   300] loss: 0.043
[46,   400] loss: 0.041
[46,   500] loss: 0.037
[46,   600] loss: 0.035
[47,   100] loss: 0.040
[47,   200] loss: 0.038
[47,   300] loss: 0.042
[47,   400] loss: 0.037
[47,   500] loss: 0.051
[47,   600] loss: 0.057
[48,   100] loss: 0.043
[48,   200] loss: 0.040
[48,   300] loss: 0.030
[48,   400] loss: 0.044
[48,   500] loss: 0.048
[48,   600] loss: 0.036
[49,   100] loss: 0.024
[49,   200] loss: 0.029
[49,   300] loss: 0.022
[49,   400] loss: 0.044
[49,   500] loss: 0.025
[49,   600] loss: 0.030
[50,   100] loss: 0.047
[50,   200] loss: 0.024
[50,   300] loss: 0.036
[50,   400] loss: 0.032
[50,   500] loss: 0.033
[50,   600] loss: 0.044
[51,   100] loss: 0.047
[51,   200] loss: 0.029
[51,   300] loss: 0.028
[51,   400] loss: 0.023
[51,   500] loss: 0.036
[51,   600] loss: 0.030
[52,   100] loss: 0.027
[52,   200] loss: 0.027
[52,   300] loss: 0.032
[52,   400] loss: 0.041
[52,   500] loss: 0.030
[52,   600] loss: 0.028
[53,   100] loss: 0.027
[53,   200] loss: 0.030
[53,   300] loss: 0.043
[53,   400] loss: 0.025
[53,   500] loss: 0.029
[53,   600] loss: 0.029
[54,   100] loss: 0.031
[54,   200] loss: 0.031
[54,   300] loss: 0.035
[54,   400] loss: 0.033
[54,   500] loss: 0.028
[54,   600] loss: 0.029
[55,   100] loss: 0.026
[55,   200] loss: 0.024
[55,   300] loss: 0.021
[55,   400] loss: 0.031
[55,   500] loss: 0.023
[55,   600] loss: 0.030
[56,   100] loss: 0.024
[56,   200] loss: 0.019
[56,   300] loss: 0.027
[56,   400] loss: 0.035
[56,   500] loss: 0.032
[56,   600] loss: 0.030
[57,   100] loss: 0.032
[57,   200] loss: 0.032
[57,   300] loss: 0.043
[57,   400] loss: 0.033
[57,   500] loss: 0.027
[57,   600] loss: 0.030
[58,   100] loss: 0.029
[58,   200] loss: 0.027
[58,   300] loss: 0.025
[58,   400] loss: 0.029
[58,   500] loss: 0.026
[58,   600] loss: 0.030
[59,   100] loss: 0.022
[59,   200] loss: 0.032
[59,   300] loss: 0.029
[59,   400] loss: 0.030
[59,   500] loss: 0.026
[59,   600] loss: 0.033
[60,   100] loss: 0.024
[60,   200] loss: 0.033
[60,   300] loss: 0.030
[60,   400] loss: 0.022
[60,   500] loss: 0.022
[60,   600] loss: 0.038
[61,   100] loss: 0.021
[61,   200] loss: 0.022
[61,   300] loss: 0.024
[61,   400] loss: 0.017
[61,   500] loss: 0.017
[61,   600] loss: 0.028
[62,   100] loss: 0.039
[62,   200] loss: 0.042
[62,   300] loss: 0.023
[62,   400] loss: 0.025
[62,   500] loss: 0.017
[62,   600] loss: 0.024
[63,   100] loss: 0.023
[63,   200] loss: 0.035
[63,   300] loss: 0.027
[63,   400] loss: 0.022
[63,   500] loss: 0.042
[63,   600] loss: 0.025
[64,   100] loss: 0.030
[64,   200] loss: 0.018
[64,   300] loss: 0.028
[64,   400] loss: 0.024
[64,   500] loss: 0.026
[64,   600] loss: 0.027
[65,   100] loss: 0.024
[65,   200] loss: 0.022
[65,   300] loss: 0.026
[65,   400] loss: 0.030
[65,   500] loss: 0.032
[65,   600] loss: 0.030
[66,   100] loss: 0.020
[66,   200] loss: 0.020
[66,   300] loss: 0.017
[66,   400] loss: 0.024
[66,   500] loss: 0.033
[66,   600] loss: 0.036
[67,   100] loss: 0.023
[67,   200] loss: 0.025
[67,   300] loss: 0.026
[67,   400] loss: 0.024
[67,   500] loss: 0.015
[67,   600] loss: 0.020
[68,   100] loss: 0.017
[68,   200] loss: 0.018
[68,   300] loss: 0.020
[68,   400] loss: 0.018
[68,   500] loss: 0.015
[68,   600] loss: 0.019
[69,   100] loss: 0.014
[69,   200] loss: 0.017
[69,   300] loss: 0.012
[69,   400] loss: 0.028
[69,   500] loss: 0.019
[69,   600] loss: 0.023
[70,   100] loss: 0.021
[70,   200] loss: 0.023
[70,   300] loss: 0.020
[70,   400] loss: 0.021
[70,   500] loss: 0.014
[70,   600] loss: 0.013
[71,   100] loss: 0.019
[71,   200] loss: 0.016
[71,   300] loss: 0.014
[71,   400] loss: 0.009
[71,   500] loss: 0.016
[71,   600] loss: 0.019
[72,   100] loss: 0.015
[72,   200] loss: 0.016
[72,   300] loss: 0.012
[72,   400] loss: 0.018
[72,   500] loss: 0.020
[72,   600] loss: 0.022
[73,   100] loss: 0.016
[73,   200] loss: 0.012
[73,   300] loss: 0.020
[73,   400] loss: 0.016
[73,   500] loss: 0.019
[73,   600] loss: 0.011
[74,   100] loss: 0.020
[74,   200] loss: 0.026
[74,   300] loss: 0.024
[74,   400] loss: 0.024
[74,   500] loss: 0.026
[74,   600] loss: 0.016
[75,   100] loss: 0.026
[75,   200] loss: 0.024
[75,   300] loss: 0.023
[75,   400] loss: 0.021
[75,   500] loss: 0.016
[75,   600] loss: 0.022
[76,   100] loss: 0.021
[76,   200] loss: 0.019
[76,   300] loss: 0.021
[76,   400] loss: 0.012
[76,   500] loss: 0.021
[76,   600] loss: 0.022
[77,   100] loss: 0.018
[77,   200] loss: 0.013
[77,   300] loss: 0.014
[77,   400] loss: 0.017
[77,   500] loss: 0.020
[77,   600] loss: 0.024
[78,   100] loss: 0.016
[78,   200] loss: 0.014
[78,   300] loss: 0.013
[78,   400] loss: 0.010
[78,   500] loss: 0.019
[78,   600] loss: 0.017
[79,   100] loss: 0.011
[79,   200] loss: 0.012
[79,   300] loss: 0.016
[79,   400] loss: 0.016
[79,   500] loss: 0.019
[79,   600] loss: 0.017
[80,   100] loss: 0.012
[80,   200] loss: 0.015
[80,   300] loss: 0.011
[80,   400] loss: 0.015
[80,   500] loss: 0.016
[80,   600] loss: 0.022
[81,   100] loss: 0.015
[81,   200] loss: 0.017
[81,   300] loss: 0.014
[81,   400] loss: 0.011
[81,   500] loss: 0.009
[81,   600] loss: 0.012
[82,   100] loss: 0.008
[82,   200] loss: 0.010
[82,   300] loss: 0.020
[82,   400] loss: 0.011
[82,   500] loss: 0.012
[82,   600] loss: 0.020
[83,   100] loss: 0.025
[83,   200] loss: 0.020
[83,   300] loss: 0.026
[83,   400] loss: 0.019
[83,   500] loss: 0.012
[83,   600] loss: 0.017
[84,   100] loss: 0.013
[84,   200] loss: 0.022
[84,   300] loss: 0.017
[84,   400] loss: 0.017
[84,   500] loss: 0.016
[84,   600] loss: 0.019
[85,   100] loss: 0.013
[85,   200] loss: 0.018
[85,   300] loss: 0.014
[85,   400] loss: 0.019
[85,   500] loss: 0.010
[85,   600] loss: 0.011
[86,   100] loss: 0.011
[86,   200] loss: 0.009
[86,   300] loss: 0.017
[86,   400] loss: 0.011
[86,   500] loss: 0.015
[86,   600] loss: 0.014
[87,   100] loss: 0.015
[87,   200] loss: 0.021
[87,   300] loss: 0.012
[87,   400] loss: 0.011
[87,   500] loss: 0.011
[87,   600] loss: 0.011
[88,   100] loss: 0.016
[88,   200] loss: 0.014
[88,   300] loss: 0.008
[88,   400] loss: 0.012
[88,   500] loss: 0.012
[88,   600] loss: 0.019
[89,   100] loss: 0.014
[89,   200] loss: 0.012
[89,   300] loss: 0.014
[89,   400] loss: 0.010
[89,   500] loss: 0.016
[89,   600] loss: 0.025
[90,   100] loss: 0.013
[90,   200] loss: 0.017
[90,   300] loss: 0.010
[90,   400] loss: 0.009
[90,   500] loss: 0.014
[90,   600] loss: 0.023
[91,   100] loss: 0.011
[91,   200] loss: 0.013
[91,   300] loss: 0.019
[91,   400] loss: 0.010
[91,   500] loss: 0.016
[91,   600] loss: 0.015
[92,   100] loss: 0.010
[92,   200] loss: 0.007
[92,   300] loss: 0.014
[92,   400] loss: 0.013
[92,   500] loss: 0.009
[92,   600] loss: 0.009
[93,   100] loss: 0.008
[93,   200] loss: 0.007
[93,   300] loss: 0.019
[93,   400] loss: 0.009
[93,   500] loss: 0.011
[93,   600] loss: 0.008
[94,   100] loss: 0.006
[94,   200] loss: 0.015
[94,   300] loss: 0.007
[94,   400] loss: 0.010
[94,   500] loss: 0.007
[94,   600] loss: 0.007
[95,   100] loss: 0.007
[95,   200] loss: 0.007
[95,   300] loss: 0.011
[95,   400] loss: 0.012
[95,   500] loss: 0.014
[95,   600] loss: 0.008
[96,   100] loss: 0.012
[96,   200] loss: 0.007
[96,   300] loss: 0.007
[96,   400] loss: 0.010
[96,   500] loss: 0.013
[96,   600] loss: 0.011
[97,   100] loss: 0.009
[97,   200] loss: 0.011
[97,   300] loss: 0.008
[97,   400] loss: 0.010
[97,   500] loss: 0.012
[97,   600] loss: 0.012
[98,   100] loss: 0.009
[98,   200] loss: 0.013
[98,   300] loss: 0.011
[98,   400] loss: 0.008
[98,   500] loss: 0.013
[98,   600] loss: 0.008
[99,   100] loss: 0.008
[99,   200] loss: 0.006
[99,   300] loss: 0.009
[99,   400] loss: 0.010
[99,   500] loss: 0.008
[99,   600] loss: 0.012
[100,   100] loss: 0.011
[100,   200] loss: 0.006
[100,   300] loss: 0.008
[100,   400] loss: 0.015
[100,   500] loss: 0.007
[100,   600] loss: 0.008
Finished Training
Training Time:  11704.516641997034  sec
Accuracy of the network on the 10000 test images: 99 %
Starting testing data !
